\BOOKMARK [1][-]{section.1}{Introduction}{}% 1
\BOOKMARK [1][-]{section.2}{Study Site}{}% 2
\BOOKMARK [2][-]{subsection.2.1}{Construction}{section.2}% 3
\BOOKMARK [2][-]{subsection.2.2}{Measurements and Data}{section.2}% 4
\BOOKMARK [3][-]{subsubsection.2.2.1}{Field Measurements for validation}{subsection.2.2}% 5
\BOOKMARK [1][-]{section.3}{Model setup}{}% 6
\BOOKMARK [2][-]{subsection.3.1}{Icestupa geometric evolution}{section.3}% 7
\BOOKMARK [2][-]{subsection.3.2}{Energy Balance}{section.3}% 8
\BOOKMARK [3][-]{subsubsection.3.2.1}{Net Shortwave Radiation qSW}{subsection.3.2}% 9
\BOOKMARK [3][-]{subsubsection.3.2.2}{Net Longwave Radiation qLW}{subsection.3.2}% 10
\BOOKMARK [3][-]{subsubsection.3.2.3}{Turbulent sensible qS and latent qL heat fluxes }{subsection.3.2}% 11
\BOOKMARK [3][-]{subsubsection.3.2.4}{Fountain water heat flux qF }{subsection.3.2}% 12
\BOOKMARK [3][-]{subsubsection.3.2.5}{Bulk Icestupa heat flux qG}{subsection.3.2}% 13
\BOOKMARK [3][-]{subsubsection.3.2.6}{Surface temperature changes and melt energy qmelt}{subsection.3.2}% 14
\BOOKMARK [2][-]{subsection.3.3}{Mass Balance}{section.3}% 15
\BOOKMARK [1][-]{section.4}{Model Results}{}% 16
\BOOKMARK [2][-]{subsection.4.1}{Energy and mass balance calculation}{section.4}% 17
\BOOKMARK [1][-]{section.5}{Model Sensitivity and Uncertainty analysis}{}% 18
\BOOKMARK [1][-]{section.6}{Discussion}{}% 19
\BOOKMARK [2][-]{subsection.6.1}{Model validation quality}{section.6}% 20
\BOOKMARK [2][-]{subsection.6.2}{Important assumptions}{section.6}% 21
\BOOKMARK [2][-]{subsection.6.3}{Schwarzsee vs Ladakh Icestupa}{section.6}% 22
\BOOKMARK [2][-]{subsection.6.4}{Icestupa construction decisions}{section.6}% 23
\BOOKMARK [1][-]{section.7}{Conclusions}{}% 24
\BOOKMARK [1][-]{section.8}{Appendix}{}% 25
\BOOKMARK [2][-]{subsection.8.1}{Ladakh Icestupa 2014/15}{section.8}% 26
